{
  "RSpec": {
    "coverage": {
      "/home/cjacobe/BE_Development/myshop/app/models/admin.rb": {
        "lines": [
          1,
          1,
          1,
          1,
          1,
          1,
          1,
          36,
          null
        ]
      },
      "/home/cjacobe/BE_Development/myshop/app/models/user.rb": {
        "lines": [
          1,
          null,
          1,
          null,
          null
        ]
      },
      "/home/cjacobe/BE_Development/myshop/app/models/application_record.rb": {
        "lines": [
          1,
          1,
          null
        ]
      },
      "/home/cjacobe/BE_Development/myshop/app/controllers/api/v1/admins_controller.rb": {
        "lines": [
          1,
          1,
          null,
          1,
          2,
          2,
          null,
          null,
          null,
          null,
          1,
          5,
          null,
          5,
          3,
          null,
          null,
          null,
          2,
          null,
          null,
          null,
          1,
          2,
          2,
          null,
          null,
          null,
          null,
          1,
          3,
          3,
          null,
          null,
          null,
          null,
          1,
          2,
          2,
          null,
          null,
          1,
          null,
          1,
          8,
          null,
          null,
          1,
          8,
          null,
          null,
          null,
          null,
          null,
          null,
          null,
          null,
          null,
          null,
          null,
          null,
          1,
          2,
          null,
          null,
          null,
          null,
          null,
          null,
          null,
          null,
          null,
          1,
          7,
          null,
          null
        ]
      },
      "/home/cjacobe/BE_Development/myshop/app/controllers/application_controller.rb": {
        "lines": [
          1,
          null
        ]
      }
    },
    "timestamp": 1694332593
  }
}
